

using namespace std;

 make_pair
 (x).begin(), (x).end()
 ldouble
 3.14159265


typedef long long ll;
typedef unsigned long long ull;
typedef double db;
typedef long double ld;
typedef pair <int, int> pii;
typedef pair <ll, ll> pll;
typedef pair <ll, int> pli;
typedef pair <db, db> pdd;

 (int)(x).size()
 second
 first
 insert
 push_back
 pop_back
 push
 pop
 find
 end()
 make_pair( a, b )

 1000000007ll
 for(ll (i)= (bg); (i) < (num); (i)++)
 for(ll (i)= (num)-1; (i) >= ed; (i)--)
 for(ll (i)= (bg); (i) < (num) && (kt); (i)++)
 for(char (i)= 48; (i) <= 122; (i)++)
 scanf("%lld", &n)
 printf("%lld\n", n)
 printf("%s\n", s)
 for(ll i= 0; i < sizeof(a); i++) a[i]= n;

typedef ll cap;
typedef priority_queue<cap> pqmax;
typedef priority_queue<cap, vector<cap>, greater<cap> > pqmin;

ll junger= 0, mid= 0, top= 0, bot= 0, result= 0, sum= 0, s= 0, t= 0, d= 0, l= 0, sp= 0, k= 0, x, y, n, m, test, r;
bool kt= false, t1= false, t2= false;
string s1, s2;

int tl[55], nh[55];
string st[55];

int a[100];

int main()
{
	
	
	cin >> test;

	while( test-- ){
		cin >> n;

		int sp;
		pqmin h;
		rep(0,i,n){cin >> sp;
			h.push(sp);
		}

		s= 0;
		while( h.size() > 1 ){
			x= h.top(); h.pop();
			y= h.top(); h.pop();
			s+= x+y;
			h.push(x+y);
		}

		cout << s << endl;
	}

	

	return 0;
}

